app/build/intermediates/manifest_merge_blame_file/debug/manifest-merger-blame-debug-report.txt
1<?xml version="1.0" encoding="utf-8"?>
2<manifest xmlns:android="http://schemas.android.com/apk/res/android"
3    package="com.project.simplecoffee"
4    android:versionCode="1"
5    android:versionName="1.0" >
6
7    <uses-sdk
8        android:minSdkVersion="30"
8-->src/main/AndroidManifest.xml
9        android:targetSdkVersion="31" />
9-->src/main/AndroidManifest.xml
10
11    <uses-permission android:name="android.permission.INTERNET" />
11-->src/main/AndroidManifest.xml:5:5-67
11-->src/main/AndroidManifest.xml:5:22-64
12    <uses-permission android:name="android.permission.ACCESS_NETWORK_STATE" /> <!-- Permission will be merged into the manifest of the hosting app. -->
12-->[com.google.firebase:firebase-auth:21.0.1] AndroidManifest.xml:24:5-79
12-->[com.google.firebase:firebase-auth:21.0.1] AndroidManifest.xml:24:22-76
13    <!-- Is required to launch foreground extraction service for targetSdkVersion 28+. -->
14    <uses-permission android:name="android.permission.FOREGROUND_SERVICE" />
14-->[com.google.android.play:core:1.9.1] AndroidManifest.xml:8:3-74
14-->[com.google.android.play:core:1.9.1] AndroidManifest.xml:8:20-72
15
16    <application
16-->src/main/AndroidManifest.xml:7:5-29:19
17        android:allowBackup="true"
17-->src/main/AndroidManifest.xml:8:9-35
18        android:appComponentFactory="androidx.core.app.CoreComponentFactory"
18-->[androidx.core:core:1.7.0] AndroidManifest.xml:24:18-86
19        android:debuggable="true"
20        android:extractNativeLibs="false"
21        android:icon="@mipmap/ic_launcher"
21-->src/main/AndroidManifest.xml:9:9-43
22        android:label="@string/app_name"
22-->src/main/AndroidManifest.xml:10:9-41
23        android:roundIcon="@mipmap/ic_launcher_round"
23-->src/main/AndroidManifest.xml:11:9-54
24        android:supportsRtl="true"
24-->src/main/AndroidManifest.xml:12:9-35
25        android:testOnly="true"
26        android:theme="@style/Theme.SimpleCoffee" >
26-->src/main/AndroidManifest.xml:13:9-50
27        <activity
27-->src/main/AndroidManifest.xml:14:9-17:52
28            android:name="com.project.simplecoffee.views.auth.SignInActivity"
28-->src/main/AndroidManifest.xml:15:13-54
29            android:exported="false"
29-->src/main/AndroidManifest.xml:16:13-37
30            android:screenOrientation="portrait" />
30-->src/main/AndroidManifest.xml:17:13-49
31        <activity
31-->src/main/AndroidManifest.xml:18:9-28:20
32            android:name="com.project.simplecoffee.MainActivity"
32-->src/main/AndroidManifest.xml:19:13-41
33            android:exported="true"
33-->src/main/AndroidManifest.xml:20:13-36
34            android:screenOrientation="portrait" >
34-->src/main/AndroidManifest.xml:22:13-49
35            <intent-filter>
35-->src/main/AndroidManifest.xml:23:13-27:29
36                <action android:name="android.intent.action.MAIN" />
36-->src/main/AndroidManifest.xml:24:17-69
36-->src/main/AndroidManifest.xml:24:25-66
37
38                <category android:name="android.intent.category.LAUNCHER" />
38-->src/main/AndroidManifest.xml:26:17-77
38-->src/main/AndroidManifest.xml:26:27-74
39            </intent-filter>
40        </activity>
41
42        <service
42-->[com.google.firebase:firebase-firestore-ktx:24.0.0] AndroidManifest.xml:12:9-18:19
43            android:name="com.google.firebase.components.ComponentDiscoveryService"
43-->[com.google.firebase:firebase-firestore-ktx:24.0.0] AndroidManifest.xml:13:13-84
44            android:directBootAware="true"
44-->[com.google.firebase:firebase-common:20.0.0] AndroidManifest.xml:35:13-43
45            android:exported="false" >
45-->[com.google.firebase:firebase-firestore-ktx:24.0.0] AndroidManifest.xml:14:13-37
46            <meta-data
46-->[com.google.firebase:firebase-firestore-ktx:24.0.0] AndroidManifest.xml:15:13-17:85
47                android:name="com.google.firebase.components:com.google.firebase.firestore.ktx.FirebaseFirestoreKtxRegistrar"
47-->[com.google.firebase:firebase-firestore-ktx:24.0.0] AndroidManifest.xml:16:17-126
48                android:value="com.google.firebase.components.ComponentRegistrar" />
48-->[com.google.firebase:firebase-firestore-ktx:24.0.0] AndroidManifest.xml:17:17-82
49            <meta-data
49-->[com.google.firebase:firebase-auth-ktx:21.0.1] AndroidManifest.xml:11:13-13:85
50                android:name="com.google.firebase.components:com.google.firebase.auth.ktx.FirebaseAuthKtxRegistrar"
50-->[com.google.firebase:firebase-auth-ktx:21.0.1] AndroidManifest.xml:12:17-116
51                android:value="com.google.firebase.components.ComponentRegistrar" />
51-->[com.google.firebase:firebase-auth-ktx:21.0.1] AndroidManifest.xml:13:17-82
52            <meta-data
52-->[com.google.firebase:firebase-auth:21.0.1] AndroidManifest.xml:77:13-79:85
53                android:name="com.google.firebase.components:com.google.firebase.auth.FirebaseAuthRegistrar"
53-->[com.google.firebase:firebase-auth:21.0.1] AndroidManifest.xml:78:17-109
54                android:value="com.google.firebase.components.ComponentRegistrar" />
54-->[com.google.firebase:firebase-auth:21.0.1] AndroidManifest.xml:79:17-82
55            <meta-data
55-->[com.google.firebase:firebase-firestore:24.0.0] AndroidManifest.xml:20:13-22:85
56                android:name="com.google.firebase.components:com.google.firebase.firestore.FirestoreRegistrar"
56-->[com.google.firebase:firebase-firestore:24.0.0] AndroidManifest.xml:21:17-111
57                android:value="com.google.firebase.components.ComponentRegistrar" />
57-->[com.google.firebase:firebase-firestore:24.0.0] AndroidManifest.xml:22:17-82
58            <meta-data
58-->[com.google.firebase:firebase-common-ktx:20.0.0] AndroidManifest.xml:15:13-17:85
59                android:name="com.google.firebase.components:com.google.firebase.ktx.FirebaseCommonKtxRegistrar"
59-->[com.google.firebase:firebase-common-ktx:20.0.0] AndroidManifest.xml:16:17-113
60                android:value="com.google.firebase.components.ComponentRegistrar" />
60-->[com.google.firebase:firebase-common-ktx:20.0.0] AndroidManifest.xml:17:17-82
61        </service>
62
63        <activity
63-->[com.google.firebase:firebase-auth:21.0.1] AndroidManifest.xml:27:9-44:20
64            android:name="com.google.firebase.auth.internal.GenericIdpActivity"
64-->[com.google.firebase:firebase-auth:21.0.1] AndroidManifest.xml:28:13-80
65            android:excludeFromRecents="true"
65-->[com.google.firebase:firebase-auth:21.0.1] AndroidManifest.xml:29:13-46
66            android:exported="true"
66-->[com.google.firebase:firebase-auth:21.0.1] AndroidManifest.xml:30:13-36
67            android:launchMode="singleTask"
67-->[com.google.firebase:firebase-auth:21.0.1] AndroidManifest.xml:31:13-44
68            android:theme="@android:style/Theme.Translucent.NoTitleBar" >
68-->[com.google.firebase:firebase-auth:21.0.1] AndroidManifest.xml:32:13-72
69            <intent-filter>
69-->[com.google.firebase:firebase-auth:21.0.1] AndroidManifest.xml:33:13-43:29
70                <action android:name="android.intent.action.VIEW" />
70-->[com.google.firebase:firebase-auth:21.0.1] AndroidManifest.xml:34:17-69
70-->[com.google.firebase:firebase-auth:21.0.1] AndroidManifest.xml:34:25-66
71
72                <category android:name="android.intent.category.DEFAULT" />
72-->[com.google.firebase:firebase-auth:21.0.1] AndroidManifest.xml:36:17-76
72-->[com.google.firebase:firebase-auth:21.0.1] AndroidManifest.xml:36:27-73
73                <category android:name="android.intent.category.BROWSABLE" />
73-->[com.google.firebase:firebase-auth:21.0.1] AndroidManifest.xml:37:17-78
73-->[com.google.firebase:firebase-auth:21.0.1] AndroidManifest.xml:37:27-75
74
75                <data
75-->[com.google.firebase:firebase-auth:21.0.1] AndroidManifest.xml:39:17-42:51
76                    android:host="firebase.auth"
76-->[com.google.firebase:firebase-auth:21.0.1] AndroidManifest.xml:40:21-49
77                    android:path="/"
77-->[com.google.firebase:firebase-auth:21.0.1] AndroidManifest.xml:41:21-37
78                    android:scheme="genericidp" />
78-->[com.google.firebase:firebase-auth:21.0.1] AndroidManifest.xml:42:21-48
79            </intent-filter>
80        </activity>
81        <activity
81-->[com.google.firebase:firebase-auth:21.0.1] AndroidManifest.xml:45:9-62:20
82            android:name="com.google.firebase.auth.internal.RecaptchaActivity"
82-->[com.google.firebase:firebase-auth:21.0.1] AndroidManifest.xml:46:13-79
83            android:excludeFromRecents="true"
83-->[com.google.firebase:firebase-auth:21.0.1] AndroidManifest.xml:47:13-46
84            android:exported="true"
84-->[com.google.firebase:firebase-auth:21.0.1] AndroidManifest.xml:48:13-36
85            android:launchMode="singleTask"
85-->[com.google.firebase:firebase-auth:21.0.1] AndroidManifest.xml:49:13-44
86            android:theme="@android:style/Theme.Translucent.NoTitleBar" >
86-->[com.google.firebase:firebase-auth:21.0.1] AndroidManifest.xml:50:13-72
87            <intent-filter>
87-->[com.google.firebase:firebase-auth:21.0.1] AndroidManifest.xml:51:13-61:29
88                <action android:name="android.intent.action.VIEW" />
88-->[com.google.firebase:firebase-auth:21.0.1] AndroidManifest.xml:34:17-69
88-->[com.google.firebase:firebase-auth:21.0.1] AndroidManifest.xml:34:25-66
89
90                <category android:name="android.intent.category.DEFAULT" />
90-->[com.google.firebase:firebase-auth:21.0.1] AndroidManifest.xml:36:17-76
90-->[com.google.firebase:firebase-auth:21.0.1] AndroidManifest.xml:36:27-73
91                <category android:name="android.intent.category.BROWSABLE" />
91-->[com.google.firebase:firebase-auth:21.0.1] AndroidManifest.xml:37:17-78
91-->[com.google.firebase:firebase-auth:21.0.1] AndroidManifest.xml:37:27-75
92
93                <data
93-->[com.google.firebase:firebase-auth:21.0.1] AndroidManifest.xml:39:17-42:51
94                    android:host="firebase.auth"
94-->[com.google.firebase:firebase-auth:21.0.1] AndroidManifest.xml:40:21-49
95                    android:path="/"
95-->[com.google.firebase:firebase-auth:21.0.1] AndroidManifest.xml:41:21-37
96                    android:scheme="recaptcha" />
96-->[com.google.firebase:firebase-auth:21.0.1] AndroidManifest.xml:42:21-48
97            </intent-filter>
98        </activity>
99
100        <service
100-->[com.google.firebase:firebase-auth:21.0.1] AndroidManifest.xml:64:9-73:19
101            android:name="com.google.firebase.auth.api.fallback.service.FirebaseAuthFallbackService"
101-->[com.google.firebase:firebase-auth:21.0.1] AndroidManifest.xml:65:13-101
102            android:enabled="true"
102-->[com.google.firebase:firebase-auth:21.0.1] AndroidManifest.xml:66:13-35
103            android:exported="false" >
103-->[com.google.firebase:firebase-auth:21.0.1] AndroidManifest.xml:67:13-37
104            <intent-filter>
104-->[com.google.firebase:firebase-auth:21.0.1] AndroidManifest.xml:68:13-72:29
105                <action android:name="com.google.firebase.auth.api.gms.service.START" />
105-->[com.google.firebase:firebase-auth:21.0.1] AndroidManifest.xml:69:17-89
105-->[com.google.firebase:firebase-auth:21.0.1] AndroidManifest.xml:69:25-86
106
107                <category android:name="android.intent.category.DEFAULT" />
107-->[com.google.firebase:firebase-auth:21.0.1] AndroidManifest.xml:36:17-76
107-->[com.google.firebase:firebase-auth:21.0.1] AndroidManifest.xml:36:27-73
108            </intent-filter>
109        </service>
110
111        <activity
111-->[com.google.android.gms:play-services-base:17.1.0] AndroidManifest.xml:23:9-26:75
112            android:name="com.google.android.gms.common.api.GoogleApiActivity"
112-->[com.google.android.gms:play-services-base:17.1.0] AndroidManifest.xml:24:13-79
113            android:exported="false"
113-->[com.google.android.gms:play-services-base:17.1.0] AndroidManifest.xml:25:13-37
114            android:theme="@android:style/Theme.Translucent.NoTitleBar" />
114-->[com.google.android.gms:play-services-base:17.1.0] AndroidManifest.xml:26:13-72
115
116        <provider
116-->[com.google.firebase:firebase-common:20.0.0] AndroidManifest.xml:26:9-31:39
117            android:name="com.google.firebase.provider.FirebaseInitProvider"
117-->[com.google.firebase:firebase-common:20.0.0] AndroidManifest.xml:27:13-77
118            android:authorities="com.project.simplecoffee.firebaseinitprovider"
118-->[com.google.firebase:firebase-common:20.0.0] AndroidManifest.xml:28:13-72
119            android:directBootAware="true"
119-->[com.google.firebase:firebase-common:20.0.0] AndroidManifest.xml:29:13-43
120            android:exported="false"
120-->[com.google.firebase:firebase-common:20.0.0] AndroidManifest.xml:30:13-37
121            android:initOrder="100" />
121-->[com.google.firebase:firebase-common:20.0.0] AndroidManifest.xml:31:13-36
122
123        <meta-data
123-->[com.google.android.gms:play-services-basement:17.1.0] AndroidManifest.xml:23:9-25:69
124            android:name="com.google.android.gms.version"
124-->[com.google.android.gms:play-services-basement:17.1.0] AndroidManifest.xml:24:13-58
125            android:value="@integer/google_play_services_version" />
125-->[com.google.android.gms:play-services-basement:17.1.0] AndroidManifest.xml:25:13-66
126
127        <provider
127-->[androidx.lifecycle:lifecycle-process:2.2.0] AndroidManifest.xml:25:9-29:43
128            android:name="androidx.lifecycle.ProcessLifecycleOwnerInitializer"
128-->[androidx.lifecycle:lifecycle-process:2.2.0] AndroidManifest.xml:26:13-79
129            android:authorities="com.project.simplecoffee.lifecycle-process"
129-->[androidx.lifecycle:lifecycle-process:2.2.0] AndroidManifest.xml:27:13-69
130            android:exported="false"
130-->[androidx.lifecycle:lifecycle-process:2.2.0] AndroidManifest.xml:28:13-37
131            android:multiprocess="true" />
131-->[androidx.lifecycle:lifecycle-process:2.2.0] AndroidManifest.xml:29:13-40
132        <provider
132-->[androidx.profileinstaller:profileinstaller:1.0.1] AndroidManifest.xml:26:9-34:20
133            android:name="androidx.startup.InitializationProvider"
133-->[androidx.profileinstaller:profileinstaller:1.0.1] AndroidManifest.xml:27:13-67
134            android:authorities="com.project.simplecoffee.androidx-startup"
134-->[androidx.profileinstaller:profileinstaller:1.0.1] AndroidManifest.xml:28:13-68
135            android:exported="false" >
135-->[androidx.profileinstaller:profileinstaller:1.0.1] AndroidManifest.xml:29:13-37
136            <meta-data
136-->[androidx.profileinstaller:profileinstaller:1.0.1] AndroidManifest.xml:31:13-33:52
137                android:name="androidx.profileinstaller.ProfileInstallerInitializer"
137-->[androidx.profileinstaller:profileinstaller:1.0.1] AndroidManifest.xml:32:17-85
138                android:value="androidx.startup" />
138-->[androidx.profileinstaller:profileinstaller:1.0.1] AndroidManifest.xml:33:17-49
139        </provider>
140
141        <receiver
141-->[androidx.profileinstaller:profileinstaller:1.0.1] AndroidManifest.xml:36:9-45:20
142            android:name="androidx.profileinstaller.ProfileInstallReceiver"
142-->[androidx.profileinstaller:profileinstaller:1.0.1] AndroidManifest.xml:37:13-76
143            android:directBootAware="false"
143-->[androidx.profileinstaller:profileinstaller:1.0.1] AndroidManifest.xml:38:13-44
144            android:enabled="true"
144-->[androidx.profileinstaller:profileinstaller:1.0.1] AndroidManifest.xml:39:13-35
145            android:exported="true"
145-->[androidx.profileinstaller:profileinstaller:1.0.1] AndroidManifest.xml:40:13-36
146            android:permission="android.permission.DUMP" >
146-->[androidx.profileinstaller:profileinstaller:1.0.1] AndroidManifest.xml:41:13-57
147            <intent-filter>
147-->[androidx.profileinstaller:profileinstaller:1.0.1] AndroidManifest.xml:42:13-44:29
148                <action android:name="androidx.profileinstaller.action.INSTALL_PROFILE" />
148-->[androidx.profileinstaller:profileinstaller:1.0.1] AndroidManifest.xml:43:17-91
148-->[androidx.profileinstaller:profileinstaller:1.0.1] AndroidManifest.xml:43:25-88
149            </intent-filter>
150        </receiver> <!-- The activities will be merged into the manifest of the hosting app. -->
151        <activity
151-->[com.google.android.play:core:1.9.1] AndroidManifest.xml:12:5-271
152            android:name="com.google.android.play.core.missingsplits.PlayCoreMissingSplitsActivity"
152-->[com.google.android.play:core:1.9.1] AndroidManifest.xml:12:15-102
153            android:enabled="false"
153-->[com.google.android.play:core:1.9.1] AndroidManifest.xml:12:103-126
154            android:exported="false"
154-->[com.google.android.play:core:1.9.1] AndroidManifest.xml:12:127-151
155            android:launchMode="singleInstance"
155-->[com.google.android.play:core:1.9.1] AndroidManifest.xml:12:204-239
156            android:process=":playcore_missing_splits_activity"
156-->[com.google.android.play:core:1.9.1] AndroidManifest.xml:12:152-203
157            android:stateNotNeeded="true" />
157-->[com.google.android.play:core:1.9.1] AndroidManifest.xml:12:240-269
158        <activity
158-->[com.google.android.play:core:1.9.1] AndroidManifest.xml:13:5-226
159            android:name="com.google.android.play.core.common.PlayCoreDialogWrapperActivity"
159-->[com.google.android.play:core:1.9.1] AndroidManifest.xml:13:15-95
160            android:enabled="false"
160-->[com.google.android.play:core:1.9.1] AndroidManifest.xml:13:96-119
161            android:exported="false"
161-->[com.google.android.play:core:1.9.1] AndroidManifest.xml:13:120-144
162            android:stateNotNeeded="true"
162-->[com.google.android.play:core:1.9.1] AndroidManifest.xml:13:145-174
163            android:theme="@style/Theme.PlayCore.Transparent" /> <!-- The services will be merged into the manifest of the hosting app. -->
163-->[com.google.android.play:core:1.9.1] AndroidManifest.xml:13:175-224
164        <service
164-->[com.google.android.play:core:1.9.1] AndroidManifest.xml:16:5-18:15
165            android:name="com.google.android.play.core.assetpacks.AssetPackExtractionService"
165-->[com.google.android.play:core:1.9.1] AndroidManifest.xml:16:14-95
166            android:enabled="false"
166-->[com.google.android.play:core:1.9.1] AndroidManifest.xml:16:96-119
167            android:exported="true" >
167-->[com.google.android.play:core:1.9.1] AndroidManifest.xml:16:120-143
168            <meta-data
168-->[com.google.android.play:core:1.9.1] AndroidManifest.xml:17:7-108
169                android:name="com.google.android.play.core.assetpacks.versionCode"
169-->[com.google.android.play:core:1.9.1] AndroidManifest.xml:17:18-84
170                android:value="10901" />
170-->[com.google.android.play:core:1.9.1] AndroidManifest.xml:17:85-106
171        </service>
172        <service
172-->[com.google.android.play:core:1.9.1] AndroidManifest.xml:19:5-147
173            android:name="com.google.android.play.core.assetpacks.ExtractionForegroundService"
173-->[com.google.android.play:core:1.9.1] AndroidManifest.xml:19:14-96
174            android:enabled="false"
174-->[com.google.android.play:core:1.9.1] AndroidManifest.xml:19:97-120
175            android:exported="false" />
175-->[com.google.android.play:core:1.9.1] AndroidManifest.xml:19:121-145
176    </application>
177
178</manifest>